<?xml version="1.0" encoding="UTF-8"?>
<!-- Generated by org.testng.reporters.JUnitXMLReporter -->
<testsuite ignored="0" hostname="LAPTOP-T617DD9U" failures="0" tests="1" name="Test" time="0.912" errors="0" timestamp="23 Jul 2019 01:12:37 GMT">
  <testcase classname="test.NewTest" name="@BeforeClass beforeClass" time="0.897">
    <failure type="java.lang.NoClassDefFoundError" message="org/openqa/selenium/internal/Killable">
      <![CDATA[java.lang.NoClassDefFoundError: org/openqa/selenium/internal/Killable
at java.base/java.lang.ClassLoader.defineClass1(Native Method)
at java.base/java.lang.ClassLoader.defineClass(ClassLoader.java:1016)
at java.base/java.security.SecureClassLoader.defineClass(SecureClassLoader.java:151)
at java.base/jdk.internal.loader.BuiltinClassLoader.defineClass(BuiltinClassLoader.java:802)
at java.base/jdk.internal.loader.BuiltinClassLoader.findClassOnClassPathOrNull(BuiltinClassLoader.java:700)
at java.base/jdk.internal.loader.BuiltinClassLoader.loadClassOrNull(BuiltinClassLoader.java:623)
at java.base/jdk.internal.loader.BuiltinClassLoader.loadClass(BuiltinClassLoader.java:581)
at java.base/jdk.internal.loader.ClassLoaders$AppClassLoader.loadClass(ClassLoaders.java:178)
at java.base/java.lang.ClassLoader.loadClass(ClassLoader.java:521)
at test.NewTest.beforeClass(NewTest.java:22)
Caused by: java.lang.ClassNotFoundException: org.openqa.selenium.internal.Killable
at java.base/jdk.internal.loader.BuiltinClassLoader.loadClass(BuiltinClassLoader.java:583)
at java.base/jdk.internal.loader.ClassLoaders$AppClassLoader.loadClass(ClassLoaders.java:178)
at java.base/java.lang.ClassLoader.loadClass(ClassLoader.java:521)
... 35 more
... Removed 25 stack frames]]>
    </failure>
  </testcase> <!-- @BeforeClass beforeClass -->
  <testcase classname="test.NewTest" name="@AfterClass afterClass" time="0.0">
    <skipped/>
  </testcase> <!-- @AfterClass afterClass -->
  <testcase classname="test.NewTest" name="openMyBlogTest" time="0.0">
    <skipped/>
  </testcase> <!-- openMyBlogTest -->
</testsuite> <!-- Test -->
