<?xml version="1.0" encoding="UTF-8"?>
<testng-results ignored="0" total="1" passed="1" failed="0" skipped="0">
  <reporter-output>
  </reporter-output>
  <suite started-at="2019-07-20T05:20:09Z" name="Suite" finished-at="2019-07-20T05:20:19Z" duration-ms="9102">
    <groups>
    </groups>
    <test started-at="2019-07-20T05:20:09Z" name="Test" finished-at="2019-07-20T05:20:19Z" duration-ms="9102">
      <class name="test.NewTest">
        <test-method is-config="true" signature="beforeClass()[pri:0, instance:test.NewTest@26a7b76d]" started-at="2019-07-20T05:20:09Z" name="beforeClass" finished-at="2019-07-20T05:20:15Z" duration-ms="5415" status="PASS">
          <reporter-output>
          </reporter-output>
        </test-method> <!-- beforeClass -->
        <test-method signature="openMyBlogTest()[pri:0, instance:test.NewTest@26a7b76d]" started-at="2019-07-20T05:20:15Z" name="openMyBlogTest" finished-at="2019-07-20T05:20:17Z" duration-ms="2350" status="PASS">
          <reporter-output>
          </reporter-output>
        </test-method> <!-- openMyBlogTest -->
        <test-method is-config="true" signature="afterClass()[pri:0, instance:test.NewTest@26a7b76d]" started-at="2019-07-20T05:20:17Z" name="afterClass" finished-at="2019-07-20T05:20:19Z" duration-ms="1320" status="PASS">
          <reporter-output>
          </reporter-output>
        </test-method> <!-- afterClass -->
      </class> <!-- test.NewTest -->
    </test> <!-- Test -->
  </suite> <!-- Suite -->
</testng-results>
