<?xml version="1.0" encoding="UTF-8"?>
<testng-results ignored="0" total="1" passed="1" failed="0" skipped="0">
  <reporter-output>
  </reporter-output>
  <suite started-at="2019-06-23T18:11:18Z" name="Suite" finished-at="2019-06-23T18:11:28Z" duration-ms="9880">
    <groups>
    </groups>
    <test started-at="2019-06-23T18:11:18Z" name="Test" finished-at="2019-06-23T18:11:28Z" duration-ms="9880">
      <class name="test.NewTest">
        <test-method is-config="true" signature="beforeClass()[pri:0, instance:test.NewTest@26a7b76d]" started-at="2019-06-23T18:11:18Z" name="beforeClass" finished-at="2019-06-23T18:11:26Z" duration-ms="7086" status="PASS">
          <reporter-output>
          </reporter-output>
        </test-method> <!-- beforeClass -->
        <test-method signature="openMyBlogTest()[pri:0, instance:test.NewTest@26a7b76d]" started-at="2019-06-23T18:11:26Z" name="openMyBlogTest" finished-at="2019-06-23T18:11:27Z" duration-ms="1946" status="PASS">
          <reporter-output>
          </reporter-output>
        </test-method> <!-- openMyBlogTest -->
        <test-method is-config="true" signature="afterClass()[pri:0, instance:test.NewTest@26a7b76d]" started-at="2019-06-23T18:11:27Z" name="afterClass" finished-at="2019-06-23T18:11:28Z" duration-ms="834" status="PASS">
          <reporter-output>
          </reporter-output>
        </test-method> <!-- afterClass -->
      </class> <!-- test.NewTest -->
    </test> <!-- Test -->
  </suite> <!-- Suite -->
</testng-results>
